<?xml version="1.0" encoding="UTF-8"?>
<testng-results skipped="0" failed="0" ignored="0" total="3" passed="3">
  <reporter-output>
  </reporter-output>
  <suite name="1265_Suite" duration-ms="19" started-at="2019-04-13T09:49:50Z" finished-at="2019-04-13T09:49:50Z">
    <groups>
    </groups>
    <test name="956" duration-ms="19" started-at="2019-04-13T09:49:50Z" finished-at="2019-04-13T09:49:50Z">
      <class name="tests.Test2">
        <test-method status="PASS" signature="show()[pri:0, instance:tests.Test2@69b2f8e5]" name="show" duration-ms="0" started-at="2019-04-13T15:19:50Z" finished-at="2019-04-13T15:19:50Z">
          <reporter-output>
          </reporter-output>
        </test-method> <!-- show -->
      </class> <!-- tests.Test2 -->
      <class name="tests.Test1">
        <test-method status="PASS" signature="test1()[pri:0, instance:tests.Test1@25c5e994]" name="test1" duration-ms="6" started-at="2019-04-13T15:19:50Z" finished-at="2019-04-13T15:19:50Z">
          <reporter-output>
          </reporter-output>
        </test-method> <!-- test1 -->
        <test-method status="PASS" signature="test2()[pri:0, instance:tests.Test1@25c5e994]" name="test2" duration-ms="0" started-at="2019-04-13T15:19:50Z" finished-at="2019-04-13T15:19:50Z">
          <reporter-output>
          </reporter-output>
        </test-method> <!-- test2 -->
      </class> <!-- tests.Test1 -->
    </test> <!-- 956 -->
  </suite> <!-- 1265_Suite -->
</testng-results>
